kernel_name = _Z15gpu_matrix_multPiS_S_iii 
kernel_launch_uid = 1 

Kernel Average Power Data:
kernel_avg_power = 41.7409
gpu_avg_IBP, = 0.0143444
gpu_avg_ICP, = 0.197847
gpu_avg_DCP, = 4.44425
gpu_avg_TCP, = 0
gpu_avg_CCP, = 0.0623904
gpu_avg_SHRDP, = 0
gpu_avg_RFP, = 5.45219
gpu_avg_SPP, = 0.790292
gpu_avg_SFUP, = 4.15638
gpu_avg_FPUP, = 0
gpu_avg_SCHEDP, = 0.206445
gpu_avg_L2CP, = 1.44245
gpu_avg_MCP, = 1.8138
gpu_avg_NOCP, = 1.27246
gpu_avg_DRAMP, = 0.0128414
gpu_avg_PIPEP, = 4.60013
gpu_avg_IDLE_COREP, = 7.45141
gpu_avg_CONST_DYNAMICP = 9.82366
gpu_avg_TOT_INST, = 2835.01
gpu_avg_FP_INT, = 2686.49
gpu_avg_IC_H, = 1393.78
gpu_avg_IC_M, = 24.3882
gpu_avg_DC_RH, = 1163.01
gpu_avg_DC_RM, = 85.2235
gpu_avg_DC_WH, = 0
gpu_avg_DC_WM, = 7.77647
gpu_avg_TC_H, = 0
gpu_avg_TC_M, = 0
gpu_avg_CC_H, = 30.4941
gpu_avg_CC_M, = 5.64706
gpu_avg_SHRD_ACC, = 0
gpu_avg_REG_RD, = 127235
gpu_avg_REG_WR, = 59603.6
gpu_avg_NON_REG_OPs, = 49296.6
gpu_avg_SP_ACC, = 209477
gpu_avg_SFU_ACC, = 61400.8
gpu_avg_FPU_ACC, = 0
gpu_avg_MEM_RD, = 0.352941
gpu_avg_MEM_WR, = 0
gpu_avg_MEM_PRE, = 0.0352941
gpu_avg_L2_RH, = 344.565
gpu_avg_L2_RM, = 0.0823529
gpu_avg_L2_WH, = 0.611765
gpu_avg_L2_WM, = 3.68235
gpu_avg_NOC_A, = 468.847
gpu_avg_PIPE_A, = 0.180668
gpu_avg_IDLE_CORE_N, = 4.68642
gpu_avg_CONST_DYNAMICN = 0

Kernel Maximum Power Data:
kernel_max_power = 87.9905
gpu_max_IBP, = 0.0490289
gpu_max_ICP, = 1.8497
gpu_max_DCP, = 0
gpu_max_TCP, = 0
gpu_max_CCP, = 4.33986
gpu_max_SHRDP, = 0
gpu_max_RFP, = 19.3277
gpu_max_SPP, = 22.9193
gpu_max_SFUP, = 8.31806
gpu_max_FPUP, = 0
gpu_max_SCHEDP, = 0.686307
gpu_max_L2CP, = 0.306453
gpu_max_MCP, = 1.77822
gpu_max_NOCP, = 0.287685
gpu_max_DRAMP, = 0.226599
gpu_max_PIPEP, = 18.0778
gpu_max_IDLE_COREP, = 0
gpu_max_CONST_DYNAMICP = 9.82366
gpu_max_TOT_INST, = 9690
gpu_max_FP_INT, = 8931
gpu_max_IC_H, = 4379
gpu_max_IC_M, = 481
gpu_max_DC_RH, = 0
gpu_max_DC_RM, = 0
gpu_max_DC_WH, = 0
gpu_max_DC_WM, = 0
gpu_max_TC_H, = 0
gpu_max_TC_M, = 0
gpu_max_CC_H, = 2400
gpu_max_CC_M, = 0
gpu_max_SHRD_ACC, = 0
gpu_max_REG_RD, = 238432
gpu_max_REG_WR, = 240736
gpu_max_NON_REG_OPs, = 200576
gpu_max_SP_ACC, = 6.07507e+06
gpu_max_SFU_ACC, = 122880
gpu_max_FPU_ACC, = 0
gpu_max_MEM_RD, = 6
gpu_max_MEM_WR, = 0
gpu_max_MEM_PRE, = 2
gpu_max_L2_RH, = 78
gpu_max_L2_RM, = 1
gpu_max_L2_WH, = 0
gpu_max_L2_WM, = 0
gpu_max_NOC_A, = 106
gpu_max_PIPE_A, = 0.71
gpu_max_IDLE_CORE_N, = 0
gpu_max_CONST_DYNAMICN = 0

Kernel Minimum Power Data:
kernel_min_power = 15.25
gpu_min_IBP, = 0.00758962
gpu_min_ICP, = 1.48175
gpu_min_DCP, = 0
gpu_min_TCP, = 0
gpu_min_CCP, = 0.616134
gpu_min_SHRDP, = 0
gpu_min_RFP, = 1.21109
gpu_min_SPP, = 0
gpu_min_SFUP, = 0
gpu_min_FPUP, = 0
gpu_min_SCHEDP, = 0.115268
gpu_min_L2CP, = 0.243763
gpu_min_MCP, = 1.31557
gpu_min_NOCP, = 0.244261
gpu_min_DRAMP, = 0.143166
gpu_min_PIPEP, = 0
gpu_min_IDLE_COREP, = 0.0476996
gpu_min_CONST_DYNAMICP = 9.82366
gpu_min_TOT_INST, = 1500
gpu_min_FP_INT, = 1500
gpu_min_IC_H, = 270
gpu_min_IC_M, = 480
gpu_min_DC_RH, = 0
gpu_min_DC_RM, = 0
gpu_min_DC_WH, = 0
gpu_min_DC_WM, = 0
gpu_min_TC_H, = 0
gpu_min_TC_M, = 0
gpu_min_CC_H, = 0
gpu_min_CC_M, = 480
gpu_min_SHRD_ACC, = 0
gpu_min_REG_RD, = 0
gpu_min_REG_WR, = 0
gpu_min_NON_REG_OPs, = 16320
gpu_min_SP_ACC, = 0
gpu_min_SFU_ACC, = 0
gpu_min_FPU_ACC, = 0
gpu_min_MEM_RD, = 4
gpu_min_MEM_WR, = 0
gpu_min_MEM_PRE, = 0
gpu_min_L2_RH, = 62
gpu_min_L2_RM, = 2
gpu_min_L2_WH, = 0
gpu_min_L2_WM, = 0
gpu_min_NOC_A, = 90
gpu_min_PIPE_A, = 0
gpu_min_IDLE_CORE_N, = 0.0299997
gpu_min_CONST_DYNAMICN = 0

Accumulative Power Statistics Over Previous Kernels:
gpu_tot_avg_power = 41.7409
gpu_tot_max_power = 87.9905
gpu_tot_min_power = 15.25


