kernel_name = _Z15gpu_matrix_multPiS_S_iii 
kernel_launch_uid = 1 

Kernel Average Power Data:
kernel_avg_power = 50.3112
gpu_avg_IBP, = 0.0203359
gpu_avg_ICP, = 0.183884
gpu_avg_DCP, = 6.93958
gpu_avg_TCP, = 0
gpu_avg_CCP, = 0.0272037
gpu_avg_SHRDP, = 0
gpu_avg_RFP, = 7.85428
gpu_avg_SPP, = 0.842647
gpu_avg_SFUP, = 6.20355
gpu_avg_FPUP, = 0
gpu_avg_SCHEDP, = 0.294095
gpu_avg_L2CP, = 4.41317
gpu_avg_MCP, = 2.19277
gpu_avg_NOCP, = 3.84221
gpu_avg_DRAMP, = 0.185456
gpu_avg_PIPEP, = 6.51625
gpu_avg_IDLE_COREP, = 0.972139
gpu_avg_CONST_DYNAMICP = 9.82366
gpu_avg_TOT_INST, = 4019.15
gpu_avg_FP_INT, = 3827.1
gpu_avg_IC_H, = 2007.82
gpu_avg_IC_M, = 1.83504
gpu_avg_DC_RH, = 1718.14
gpu_avg_DC_RM, = 278.596
gpu_avg_DC_WH, = 0
gpu_avg_DC_WM, = 4.25888
gpu_avg_TC_H, = 0
gpu_avg_TC_M, = 0
gpu_avg_CC_H, = 14.7751
gpu_avg_CC_M, = 0.378848
gpu_avg_SHRD_ACC, = 0
gpu_avg_REG_RD, = 185014
gpu_avg_REG_WR, = 92160.8
gpu_avg_NON_REG_OPs, = 70068
gpu_avg_SP_ACC, = 223355
gpu_avg_SFU_ACC, = 91643
gpu_avg_FPU_ACC, = 0
gpu_avg_MEM_RD, = 5.16811
gpu_avg_MEM_WR, = 0
gpu_avg_MEM_PRE, = 0.0812944
gpu_avg_L2_RH, = 1109.5
gpu_avg_L2_RM, = 1.29203
gpu_avg_L2_WH, = 0.481452
gpu_avg_L2_WM, = 2.21468
gpu_avg_NOC_A, = 1415.69
gpu_avg_PIPE_A, = 0.255923
gpu_avg_IDLE_CORE_N, = 0.611408
gpu_avg_CONST_DYNAMICN = 0

Kernel Maximum Power Data:
kernel_max_power = 89.2105
gpu_max_IBP, = 0.0490289
gpu_max_ICP, = 1.84675
gpu_max_DCP, = 0
gpu_max_TCP, = 0
gpu_max_CCP, = 4.33986
gpu_max_SHRDP, = 0
gpu_max_RFP, = 19.687
gpu_max_SPP, = 23.643
gpu_max_SFUP, = 8.31806
gpu_max_FPUP, = 0
gpu_max_SCHEDP, = 0.68477
gpu_max_L2CP, = 0.306453
gpu_max_MCP, = 1.77822
gpu_max_NOCP, = 0.284971
gpu_max_DRAMP, = 0.226599
gpu_max_PIPEP, = 18.2221
gpu_max_IDLE_COREP, = 0
gpu_max_CONST_DYNAMICP = 9.82366
gpu_max_TOT_INST, = 9690
gpu_max_FP_INT, = 8911
gpu_max_IC_H, = 4380
gpu_max_IC_M, = 480
gpu_max_DC_RH, = 0
gpu_max_DC_RM, = 0
gpu_max_DC_WH, = 0
gpu_max_DC_WM, = 0
gpu_max_TC_H, = 0
gpu_max_TC_M, = 0
gpu_max_CC_H, = 2400
gpu_max_CC_M, = 0
gpu_max_SHRD_ACC, = 0
gpu_max_REG_RD, = 240736
gpu_max_REG_WR, = 244256
gpu_max_NON_REG_OPs, = 204704
gpu_max_SP_ACC, = 6.26688e+06
gpu_max_SFU_ACC, = 122880
gpu_max_FPU_ACC, = 0
gpu_max_MEM_RD, = 6
gpu_max_MEM_WR, = 0
gpu_max_MEM_PRE, = 2
gpu_max_L2_RH, = 78
gpu_max_L2_RM, = 1
gpu_max_L2_WH, = 0
gpu_max_L2_WM, = 0
gpu_max_NOC_A, = 105
gpu_max_PIPE_A, = 0.715667
gpu_max_IDLE_CORE_N, = 0
gpu_max_CONST_DYNAMICN = 0

Kernel Minimum Power Data:
kernel_min_power = 15.25
gpu_min_IBP, = 0.00758962
gpu_min_ICP, = 1.48175
gpu_min_DCP, = 0
gpu_min_TCP, = 0
gpu_min_CCP, = 0.616134
gpu_min_SHRDP, = 0
gpu_min_RFP, = 1.21109
gpu_min_SPP, = 0
gpu_min_SFUP, = 0
gpu_min_FPUP, = 0
gpu_min_SCHEDP, = 0.115268
gpu_min_L2CP, = 0.243763
gpu_min_MCP, = 1.31557
gpu_min_NOCP, = 0.244261
gpu_min_DRAMP, = 0.143166
gpu_min_PIPEP, = 0
gpu_min_IDLE_COREP, = 0.0476996
gpu_min_CONST_DYNAMICP = 9.82366
gpu_min_TOT_INST, = 1500
gpu_min_FP_INT, = 1500
gpu_min_IC_H, = 270
gpu_min_IC_M, = 480
gpu_min_DC_RH, = 0
gpu_min_DC_RM, = 0
gpu_min_DC_WH, = 0
gpu_min_DC_WM, = 0
gpu_min_TC_H, = 0
gpu_min_TC_M, = 0
gpu_min_CC_H, = 0
gpu_min_CC_M, = 480
gpu_min_SHRD_ACC, = 0
gpu_min_REG_RD, = 0
gpu_min_REG_WR, = 0
gpu_min_NON_REG_OPs, = 16320
gpu_min_SP_ACC, = 0
gpu_min_SFU_ACC, = 0
gpu_min_FPU_ACC, = 0
gpu_min_MEM_RD, = 4
gpu_min_MEM_WR, = 0
gpu_min_MEM_PRE, = 0
gpu_min_L2_RH, = 62
gpu_min_L2_RM, = 2
gpu_min_L2_WH, = 0
gpu_min_L2_WM, = 0
gpu_min_NOC_A, = 90
gpu_min_PIPE_A, = 0
gpu_min_IDLE_CORE_N, = 0.0299997
gpu_min_CONST_DYNAMICN = 0

Accumulative Power Statistics Over Previous Kernels:
gpu_tot_avg_power = 50.3112
gpu_tot_max_power = 89.2105
gpu_tot_min_power = 15.25


