kernel_name = _Z15gpu_matrix_multPiS_S_iii 
kernel_launch_uid = 1 

Kernel Average Power Data:
kernel_avg_power = 47.8581
gpu_avg_IBP, = 0.0197496
gpu_avg_ICP, = 0.189591
gpu_avg_DCP, = 6.31051
gpu_avg_TCP, = 0
gpu_avg_CCP, = 0.0406806
gpu_avg_SHRDP, = 0
gpu_avg_RFP, = 7.57847
gpu_avg_SPP, = 0.88211
gpu_avg_SFUP, = 5.96824
gpu_avg_FPUP, = 0
gpu_avg_SCHEDP, = 0.285268
gpu_avg_L2CP, = 3.06156
gpu_avg_MCP, = 2.08262
gpu_avg_NOCP, = 2.65058
gpu_avg_DRAMP, = 0.00228745
gpu_avg_PIPEP, = 6.33003
gpu_avg_IDLE_COREP, = 2.63278
gpu_avg_CONST_DYNAMICP = 9.82366
gpu_avg_TOT_INST, = 3903.28
gpu_avg_FP_INT, = 3712.23
gpu_avg_IC_H, = 1946.33
gpu_avg_IC_M, = 5.51214
gpu_avg_DC_RH, = 1606.41
gpu_avg_DC_RM, = 189.706
gpu_avg_DC_WH, = 0
gpu_avg_DC_WM, = 5.54854
gpu_avg_TC_H, = 0
gpu_avg_TC_M, = 0
gpu_avg_CC_H, = 21.6699
gpu_avg_CC_M, = 1.16505
gpu_avg_SHRD_ACC, = 0
gpu_avg_REG_RD, = 178611
gpu_avg_REG_WR, = 85288
gpu_avg_NON_REG_OPs, = 68005.3
gpu_avg_SP_ACC, = 233815
gpu_avg_SFU_ACC, = 88166.8
gpu_avg_FPU_ACC, = 0
gpu_avg_MEM_RD, = 0.0631068
gpu_avg_MEM_WR, = 0
gpu_avg_MEM_PRE, = 0.00485437
gpu_avg_L2_RH, = 759.619
gpu_avg_L2_RM, = 0.0169903
gpu_avg_L2_WH, = 0.762136
gpu_avg_L2_WM, = 3.02913
gpu_avg_NOC_A, = 976.626
gpu_avg_PIPE_A, = 0.24861
gpu_avg_IDLE_CORE_N, = 1.65583
gpu_avg_CONST_DYNAMICN = 0

Kernel Maximum Power Data:
kernel_max_power = 89.1091
gpu_max_IBP, = 0.0490289
gpu_max_ICP, = 1.84675
gpu_max_DCP, = 0
gpu_max_TCP, = 0
gpu_max_CCP, = 4.33986
gpu_max_SHRDP, = 0
gpu_max_RFP, = 19.687
gpu_max_SPP, = 23.5415
gpu_max_SFUP, = 8.31806
gpu_max_FPUP, = 0
gpu_max_SCHEDP, = 0.68477
gpu_max_L2CP, = 0.306453
gpu_max_MCP, = 1.77822
gpu_max_NOCP, = 0.284971
gpu_max_DRAMP, = 0.226599
gpu_max_PIPEP, = 18.2221
gpu_max_IDLE_COREP, = 0
gpu_max_CONST_DYNAMICP = 9.82366
gpu_max_TOT_INST, = 9690
gpu_max_FP_INT, = 8911
gpu_max_IC_H, = 4380
gpu_max_IC_M, = 480
gpu_max_DC_RH, = 0
gpu_max_DC_RM, = 0
gpu_max_DC_WH, = 0
gpu_max_DC_WM, = 0
gpu_max_TC_H, = 0
gpu_max_TC_M, = 0
gpu_max_CC_H, = 2400
gpu_max_CC_M, = 0
gpu_max_SHRD_ACC, = 0
gpu_max_REG_RD, = 240736
gpu_max_REG_WR, = 244256
gpu_max_NON_REG_OPs, = 204704
gpu_max_SP_ACC, = 6.24e+06
gpu_max_SFU_ACC, = 122880
gpu_max_FPU_ACC, = 0
gpu_max_MEM_RD, = 6
gpu_max_MEM_WR, = 0
gpu_max_MEM_PRE, = 2
gpu_max_L2_RH, = 78
gpu_max_L2_RM, = 1
gpu_max_L2_WH, = 0
gpu_max_L2_WM, = 0
gpu_max_NOC_A, = 105
gpu_max_PIPE_A, = 0.715667
gpu_max_IDLE_CORE_N, = 0
gpu_max_CONST_DYNAMICN = 0

Kernel Minimum Power Data:
kernel_min_power = 15.25
gpu_min_IBP, = 0.00758962
gpu_min_ICP, = 1.48175
gpu_min_DCP, = 0
gpu_min_TCP, = 0
gpu_min_CCP, = 0.616134
gpu_min_SHRDP, = 0
gpu_min_RFP, = 1.21109
gpu_min_SPP, = 0
gpu_min_SFUP, = 0
gpu_min_FPUP, = 0
gpu_min_SCHEDP, = 0.115268
gpu_min_L2CP, = 0.243763
gpu_min_MCP, = 1.31557
gpu_min_NOCP, = 0.244261
gpu_min_DRAMP, = 0.143166
gpu_min_PIPEP, = 0
gpu_min_IDLE_COREP, = 0.0476996
gpu_min_CONST_DYNAMICP = 9.82366
gpu_min_TOT_INST, = 1500
gpu_min_FP_INT, = 1500
gpu_min_IC_H, = 270
gpu_min_IC_M, = 480
gpu_min_DC_RH, = 0
gpu_min_DC_RM, = 0
gpu_min_DC_WH, = 0
gpu_min_DC_WM, = 0
gpu_min_TC_H, = 0
gpu_min_TC_M, = 0
gpu_min_CC_H, = 0
gpu_min_CC_M, = 480
gpu_min_SHRD_ACC, = 0
gpu_min_REG_RD, = 0
gpu_min_REG_WR, = 0
gpu_min_NON_REG_OPs, = 16320
gpu_min_SP_ACC, = 0
gpu_min_SFU_ACC, = 0
gpu_min_FPU_ACC, = 0
gpu_min_MEM_RD, = 4
gpu_min_MEM_WR, = 0
gpu_min_MEM_PRE, = 0
gpu_min_L2_RH, = 62
gpu_min_L2_RM, = 2
gpu_min_L2_WH, = 0
gpu_min_L2_WM, = 0
gpu_min_NOC_A, = 90
gpu_min_PIPE_A, = 0
gpu_min_IDLE_CORE_N, = 0.0299997
gpu_min_CONST_DYNAMICN = 0

Accumulative Power Statistics Over Previous Kernels:
gpu_tot_avg_power = 47.8581
gpu_tot_max_power = 89.1091
gpu_tot_min_power = 15.25


