kernel_name = _Z20needle_cuda_shared_1PiS_iiii 
kernel_launch_uid = 1 

Kernel Average Power Data:
kernel_avg_power = 33.7548
gpu_avg_IBP, = 0.000122368
gpu_avg_ICP, = 0.00261604
gpu_avg_DCP, = 0.00522318
gpu_avg_TCP, = 0
gpu_avg_CCP, = 0.000237837
gpu_avg_SHRDP, = 0.192917
gpu_avg_RFP, = 0.044104
gpu_avg_SPP, = 0.00689438
gpu_avg_SFUP, = 0.00182457
gpu_avg_FPUP, = 0
gpu_avg_SCHEDP, = 0.0016776
gpu_avg_L2CP, = 0.0750734
gpu_avg_MCP, = 1.1819
gpu_avg_NOCP, = 0.0418793
gpu_avg_DRAMP, = 0.0761704
gpu_avg_PIPEP, = 0.0404254
gpu_avg_IDLE_COREP, = 22.26
gpu_avg_CONST_DYNAMICP = 9.82366
gpu_avg_TOT_INST, = 24.1846
gpu_avg_FP_INT, = 21.8308
gpu_avg_IC_H, = 11.5692
gpu_avg_IC_M, = 0.523077
gpu_avg_DC_RH, = 0
gpu_avg_DC_RM, = 1.50769
gpu_avg_DC_WH, = 0.476923
gpu_avg_DC_WM, = 0.492308
gpu_avg_TC_H, = 0
gpu_avg_TC_M, = 0
gpu_avg_CC_H, = 0.0769231
gpu_avg_CC_M, = 0.0769231
gpu_avg_SHRD_ACC, = 65.0154
gpu_avg_REG_RD, = 975.262
gpu_avg_REG_WR, = 652.308
gpu_avg_NON_REG_OPs, = 386.954
gpu_avg_SP_ACC, = 1827.45
gpu_avg_SFU_ACC, = 26.9538
gpu_avg_FPU_ACC, = 0
gpu_avg_MEM_RD, = 2.12308
gpu_avg_MEM_WR, = 0
gpu_avg_MEM_PRE, = 0.0307692
gpu_avg_L2_RH, = 6.03077
gpu_avg_L2_RM, = 0.538462
gpu_avg_L2_WH, = 2.64615
gpu_avg_L2_WM, = 0
gpu_avg_NOC_A, = 15.4308
gpu_avg_PIPE_A, = 0.00158769
gpu_avg_IDLE_CORE_N, = 14
gpu_avg_CONST_DYNAMICN = 0

Kernel Maximum Power Data:
kernel_max_power = 34.6223
gpu_max_IBP, = 8.09559e-05
gpu_max_ICP, = 0.00669572
gpu_max_DCP, = 0.0192899
gpu_max_TCP, = 0
gpu_max_CCP, = 0
gpu_max_SHRDP, = 0.0178035
gpu_max_RFP, = 0.0265817
gpu_max_SPP, = 0
gpu_max_SFUP, = 0
gpu_max_FPUP, = 0
gpu_max_SCHEDP, = 0.00122953
gpu_max_L2CP, = 0.872768
gpu_max_MCP, = 1.19246
gpu_max_NOCP, = 0.227977
gpu_max_DRAMP, = 0.143166
gpu_max_PIPEP, = 0.0305541
gpu_max_IDLE_COREP, = 22.26
gpu_max_CONST_DYNAMICP = 9.82366
gpu_max_TOT_INST, = 16
gpu_max_FP_INT, = 16
gpu_max_IC_H, = 7
gpu_max_IC_M, = 2
gpu_max_DC_RH, = 0
gpu_max_DC_RM, = 0
gpu_max_DC_WH, = 7
gpu_max_DC_WM, = 7
gpu_max_TC_H, = 0
gpu_max_TC_M, = 0
gpu_max_CC_H, = 0
gpu_max_CC_M, = 0
gpu_max_SHRD_ACC, = 6
gpu_max_REG_RD, = 896
gpu_max_REG_WR, = 384
gpu_max_NON_REG_OPs, = 192
gpu_max_SP_ACC, = 0
gpu_max_SFU_ACC, = 0
gpu_max_FPU_ACC, = 0
gpu_max_MEM_RD, = 4
gpu_max_MEM_WR, = 0
gpu_max_MEM_PRE, = 0
gpu_max_L2_RH, = 0
gpu_max_L2_RM, = 1
gpu_max_L2_WH, = 45
gpu_max_L2_WM, = 0
gpu_max_NOC_A, = 84
gpu_max_PIPE_A, = 0.0012
gpu_max_IDLE_CORE_N, = 14
gpu_max_CONST_DYNAMICN = 0

Kernel Minimum Power Data:
kernel_min_power = 33.419
gpu_min_IBP, = 2.0239e-05
gpu_min_ICP, = 0.00321465
gpu_min_DCP, = 0.0102689
gpu_min_TCP, = 0
gpu_min_CCP, = 0
gpu_min_SHRDP, = 0.0059345
gpu_min_RFP, = 0.00691372
gpu_min_SPP, = 0
gpu_min_SFUP, = 0
gpu_min_FPUP, = 0
gpu_min_SCHEDP, = 0.000307382
gpu_min_L2CP, = 0.0629758
gpu_min_MCP, = 1.17853
gpu_min_NOCP, = 0.0569943
gpu_min_DRAMP, = 0
gpu_min_PIPEP, = 0.0101847
gpu_min_IDLE_COREP, = 22.26
gpu_min_CONST_DYNAMICP = 9.82366
gpu_min_TOT_INST, = 4
gpu_min_FP_INT, = 4
gpu_min_IC_H, = 2
gpu_min_IC_M, = 1
gpu_min_DC_RH, = 0
gpu_min_DC_RM, = 4
gpu_min_DC_WH, = 0
gpu_min_DC_WM, = 0
gpu_min_TC_H, = 0
gpu_min_TC_M, = 0
gpu_min_CC_H, = 0
gpu_min_CC_M, = 0
gpu_min_SHRD_ACC, = 2
gpu_min_REG_RD, = 288
gpu_min_REG_WR, = 192
gpu_min_NON_REG_OPs, = 32
gpu_min_SP_ACC, = 0
gpu_min_SFU_ACC, = 0
gpu_min_FPU_ACC, = 0
gpu_min_MEM_RD, = 0
gpu_min_MEM_WR, = 0
gpu_min_MEM_PRE, = 0
gpu_min_L2_RH, = 16
gpu_min_L2_RM, = 1
gpu_min_L2_WH, = 0
gpu_min_L2_WM, = 0
gpu_min_NOC_A, = 21
gpu_min_PIPE_A, = 0.0004
gpu_min_IDLE_CORE_N, = 14
gpu_min_CONST_DYNAMICN = 0

Accumulative Power Statistics Over Previous Kernels:
gpu_tot_avg_power = 33.7548
gpu_tot_max_power = 34.6223
gpu_tot_min_power = 33.419


kernel_name = _Z20needle_cuda_shared_1PiS_iiii 
kernel_launch_uid = 2 

Kernel Average Power Data:
kernel_avg_power = 32.614
gpu_avg_IBP, = 0.000281177
gpu_avg_ICP, = 0.00605076
gpu_avg_DCP, = 0.01168
gpu_avg_TCP, = 0
gpu_avg_CCP, = 0.000552123
gpu_avg_SHRDP, = 0.447419
gpu_avg_RFP, = 0.10167
gpu_avg_SPP, = 0.0160048
gpu_avg_SFUP, = 0.00423562
gpu_avg_FPUP, = 0
gpu_avg_SCHEDP, = 0.003856
gpu_avg_L2CP, = 0.164976
gpu_avg_MCP, = 1.1795
gpu_avg_NOCP, = 0.0905317
gpu_avg_DRAMP, = 0
gpu_avg_PIPEP, = 0.0929353
gpu_avg_IDLE_COREP, = 20.6706
gpu_avg_CONST_DYNAMICP = 9.82366
gpu_avg_TOT_INST, = 55.5714
gpu_avg_FP_INT, = 50.1786
gpu_avg_IC_H, = 26.6071
gpu_avg_IC_M, = 1.21429
gpu_avg_DC_RH, = 0.0357143
gpu_avg_DC_RM, = 3.46429
gpu_avg_DC_WH, = 0.964286
gpu_avg_DC_WM, = 0.964286
gpu_avg_TC_H, = 0
gpu_avg_TC_M, = 0
gpu_avg_CC_H, = 0.178571
gpu_avg_CC_M, = 0.178571
gpu_avg_SHRD_ACC, = 150.786
gpu_avg_REG_RD, = 2236.57
gpu_avg_REG_WR, = 1502.86
gpu_avg_NON_REG_OPs, = 893.714
gpu_avg_SP_ACC, = 4242.29
gpu_avg_SFU_ACC, = 62.5714
gpu_avg_FPU_ACC, = 0
gpu_avg_MEM_RD, = 0
gpu_avg_MEM_WR, = 0
gpu_avg_MEM_PRE, = 0
gpu_avg_L2_RH, = 18.6429
gpu_avg_L2_RM, = 0
gpu_avg_L2_WH, = 4.73214
gpu_avg_L2_WM, = 0
gpu_avg_NOC_A, = 33.3571
gpu_avg_PIPE_A, = 0.00365
gpu_avg_IDLE_CORE_N, = 13.0004
gpu_avg_CONST_DYNAMICN = 0

Kernel Maximum Power Data:
kernel_max_power = 34.8694
gpu_max_IBP, = 0.000242868
gpu_max_ICP, = 0.0139243
gpu_max_DCP, = 0.046847
gpu_max_TCP, = 0
gpu_max_CCP, = 0
gpu_max_SHRDP, = 0.0504432
gpu_max_RFP, = 0.0759149
gpu_max_SPP, = 0
gpu_max_SFUP, = 0
gpu_max_FPUP, = 0
gpu_max_SCHEDP, = 0.00368858
gpu_max_L2CP, = 2.27348
gpu_max_MCP, = 1.1967
gpu_max_NOCP, = 0.629651
gpu_max_DRAMP, = 0
gpu_max_PIPEP, = 0.0848724
gpu_max_IDLE_COREP, = 20.67
gpu_max_CONST_DYNAMICP = 9.82366
gpu_max_TOT_INST, = 48
gpu_max_FP_INT, = 48
gpu_max_IC_H, = 20
gpu_max_IC_M, = 4
gpu_max_DC_RH, = 0
gpu_max_DC_RM, = 0
gpu_max_DC_WH, = 17
gpu_max_DC_WM, = 17
gpu_max_TC_H, = 0
gpu_max_TC_M, = 0
gpu_max_CC_H, = 0
gpu_max_CC_M, = 0
gpu_max_SHRD_ACC, = 17
gpu_max_REG_RD, = 2624
gpu_max_REG_WR, = 1056
gpu_max_NON_REG_OPs, = 544
gpu_max_SP_ACC, = 0
gpu_max_SFU_ACC, = 0
gpu_max_FPU_ACC, = 0
gpu_max_MEM_RD, = 0
gpu_max_MEM_WR, = 0
gpu_max_MEM_PRE, = 0
gpu_max_L2_RH, = 16
gpu_max_L2_RM, = 0
gpu_max_L2_WH, = 114
gpu_max_L2_WM, = 0
gpu_max_NOC_A, = 232
gpu_max_PIPE_A, = 0.00333333
gpu_max_IDLE_CORE_N, = 13
gpu_max_CONST_DYNAMICN = 0

Kernel Minimum Power Data:
kernel_min_power = 31.9177
gpu_min_IBP, = 6.0717e-05
gpu_min_ICP, = 0.000355233
gpu_min_DCP, = 0.0205378
gpu_min_TCP, = 0
gpu_min_CCP, = 0
gpu_min_SHRDP, = 0.00890175
gpu_min_RFP, = 0.0162019
gpu_min_SPP, = 0
gpu_min_SFUP, = 0
gpu_min_FPUP, = 0
gpu_min_SCHEDP, = 0.000922146
gpu_min_L2CP, = 0.0942494
gpu_min_MCP, = 1.18072
gpu_min_NOCP, = 0.0868484
gpu_min_DRAMP, = 0
gpu_min_PIPEP, = 0.015277
gpu_min_IDLE_COREP, = 20.67
gpu_min_CONST_DYNAMICP = 9.82366
gpu_min_TOT_INST, = 12
gpu_min_FP_INT, = 12
gpu_min_IC_H, = 4
gpu_min_IC_M, = 0
gpu_min_DC_RH, = 0
gpu_min_DC_RM, = 8
gpu_min_DC_WH, = 0
gpu_min_DC_WM, = 0
gpu_min_TC_H, = 0
gpu_min_TC_M, = 0
gpu_min_CC_H, = 0
gpu_min_CC_M, = 0
gpu_min_SHRD_ACC, = 3
gpu_min_REG_RD, = 448
gpu_min_REG_WR, = 256
gpu_min_NON_REG_OPs, = 128
gpu_min_SP_ACC, = 0
gpu_min_SFU_ACC, = 0
gpu_min_FPU_ACC, = 0
gpu_min_MEM_RD, = 0
gpu_min_MEM_WR, = 0
gpu_min_MEM_PRE, = 0
gpu_min_L2_RH, = 24
gpu_min_L2_RM, = 0
gpu_min_L2_WH, = 0
gpu_min_L2_WM, = 0
gpu_min_NOC_A, = 32
gpu_min_PIPE_A, = 0.0006
gpu_min_IDLE_CORE_N, = 13
gpu_min_CONST_DYNAMICN = 0

Accumulative Power Statistics Over Previous Kernels:
gpu_tot_avg_power = 33.2268
gpu_tot_max_power = 34.8694
gpu_tot_min_power = 31.9177


kernel_name = _Z20needle_cuda_shared_2PiS_iiii 
kernel_launch_uid = 3 

Kernel Average Power Data:
kernel_avg_power = 33.7643
gpu_avg_IBP, = 0.000124912
gpu_avg_ICP, = 0.00265969
gpu_avg_DCP, = 0.00557541
gpu_avg_TCP, = 0
gpu_avg_CCP, = 0.000266147
gpu_avg_SHRDP, = 0.196209
gpu_avg_RFP, = 0.0446277
gpu_avg_SPP, = 0.00636829
gpu_avg_SFUP, = 0.00144693
gpu_avg_FPUP, = 0
gpu_avg_SCHEDP, = 0.00171101
gpu_avg_L2CP, = 0.0948512
gpu_avg_MCP, = 1.18201
gpu_avg_NOCP, = 0.0468167
gpu_avg_DRAMP, = 0.0756828
gpu_avg_PIPEP, = 0.0411897
gpu_avg_IDLE_COREP, = 22.2411
gpu_avg_CONST_DYNAMICP = 9.82366
gpu_avg_TOT_INST, = 24.6875
gpu_avg_FP_INT, = 22.2656
gpu_avg_IC_H, = 11.7812
gpu_avg_IC_M, = 0.53125
gpu_avg_DC_RH, = 0.015625
gpu_avg_DC_RM, = 1.51562
gpu_avg_DC_WH, = 0.5625
gpu_avg_DC_WM, = 0.59375
gpu_avg_TC_H, = 0
gpu_avg_TC_M, = 0
gpu_avg_CC_H, = 0.125
gpu_avg_CC_M, = 0.03125
gpu_avg_SHRD_ACC, = 66.125
gpu_avg_REG_RD, = 999
gpu_avg_REG_WR, = 659
gpu_avg_NON_REG_OPs, = 390
gpu_avg_SP_ACC, = 1688
gpu_avg_SFU_ACC, = 21.375
gpu_avg_FPU_ACC, = 0
gpu_avg_MEM_RD, = 2.10938
gpu_avg_MEM_WR, = 0
gpu_avg_MEM_PRE, = 0.03125
gpu_avg_L2_RH, = 6.23438
gpu_avg_L2_RM, = 0.515625
gpu_avg_L2_WH, = 3.625
gpu_avg_L2_WM, = 0
gpu_avg_NOC_A, = 17.25
gpu_avg_PIPE_A, = 0.00161771
gpu_avg_IDLE_CORE_N, = 13.9881
gpu_avg_CONST_DYNAMICN = 0

Kernel Maximum Power Data:
kernel_max_power = 34.5809
gpu_max_IBP, = 8.09559e-05
gpu_max_ICP, = 0.00365869
gpu_max_DCP, = 0.0137785
gpu_max_TCP, = 0
gpu_max_CCP, = 0
gpu_max_SHRDP, = 0.0148362
gpu_max_RFP, = 0.0236133
gpu_max_SPP, = 0
gpu_max_SFUP, = 0
gpu_max_FPUP, = 0
gpu_max_SCHEDP, = 0.00122953
gpu_max_L2CP, = 0.795201
gpu_max_MCP, = 1.19394
gpu_max_NOCP, = 0.208979
gpu_max_DRAMP, = 0.214749
gpu_max_PIPEP, = 0.0271592
gpu_max_IDLE_COREP, = 22.26
gpu_max_CONST_DYNAMICP = 9.82366
gpu_max_TOT_INST, = 16
gpu_max_FP_INT, = 16
gpu_max_IC_H, = 7
gpu_max_IC_M, = 1
gpu_max_DC_RH, = 0
gpu_max_DC_RM, = 0
gpu_max_DC_WH, = 5
gpu_max_DC_WM, = 5
gpu_max_TC_H, = 0
gpu_max_TC_M, = 0
gpu_max_CC_H, = 0
gpu_max_CC_M, = 0
gpu_max_SHRD_ACC, = 5
gpu_max_REG_RD, = 864
gpu_max_REG_WR, = 352
gpu_max_NON_REG_OPs, = 160
gpu_max_SP_ACC, = 0
gpu_max_SFU_ACC, = 0
gpu_max_FPU_ACC, = 0
gpu_max_MEM_RD, = 6
gpu_max_MEM_WR, = 0
gpu_max_MEM_PRE, = 0
gpu_max_L2_RH, = 0
gpu_max_L2_RM, = 1
gpu_max_L2_WH, = 41
gpu_max_L2_WM, = 0
gpu_max_NOC_A, = 77
gpu_max_PIPE_A, = 0.00106667
gpu_max_IDLE_CORE_N, = 14
gpu_max_CONST_DYNAMICN = 0

Kernel Minimum Power Data:
kernel_min_power = 33.4045
gpu_min_IBP, = 1.01195e-05
gpu_min_ICP, = 0.00312584
gpu_min_DCP, = 0.00513445
gpu_min_TCP, = 0
gpu_min_CCP, = 0
gpu_min_SHRDP, = 0.0059345
gpu_min_RFP, = 0.00599444
gpu_min_SPP, = 0
gpu_min_SFUP, = 0
gpu_min_FPUP, = 0
gpu_min_SCHEDP, = 0.000153691
gpu_min_L2CP, = 0.0629758
gpu_min_MCP, = 1.17743
gpu_min_NOCP, = 0.0515662
gpu_min_DRAMP, = 0
gpu_min_PIPEP, = 0.00848724
gpu_min_IDLE_COREP, = 22.26
gpu_min_CONST_DYNAMICP = 9.82366
gpu_min_TOT_INST, = 2
gpu_min_FP_INT, = 2
gpu_min_IC_H, = 1
gpu_min_IC_M, = 1
gpu_min_DC_RH, = 0
gpu_min_DC_RM, = 2
gpu_min_DC_WH, = 0
gpu_min_DC_WM, = 0
gpu_min_TC_H, = 0
gpu_min_TC_M, = 0
gpu_min_CC_H, = 0
gpu_min_CC_M, = 0
gpu_min_SHRD_ACC, = 2
gpu_min_REG_RD, = 224
gpu_min_REG_WR, = 160
gpu_min_NON_REG_OPs, = 32
gpu_min_SP_ACC, = 0
gpu_min_SFU_ACC, = 0
gpu_min_FPU_ACC, = 0
gpu_min_MEM_RD, = 0
gpu_min_MEM_WR, = 0
gpu_min_MEM_PRE, = 0
gpu_min_L2_RH, = 16
gpu_min_L2_RM, = 1
gpu_min_L2_WH, = 0
gpu_min_L2_WM, = 0
gpu_min_NOC_A, = 19
gpu_min_PIPE_A, = 0.000333333
gpu_min_IDLE_CORE_N, = 14
gpu_min_CONST_DYNAMICN = 0

Accumulative Power Statistics Over Previous Kernels:
gpu_tot_avg_power = 33.4127
gpu_tot_max_power = 34.8694
gpu_tot_min_power = 31.9177


