kernel_name = _Z20needle_cuda_shared_1PiS_iiii 
kernel_launch_uid = 1 

Kernel Average Power Data:
kernel_avg_power = 33.7543
gpu_avg_IBP, = 0.000122368
gpu_avg_ICP, = 0.00261604
gpu_avg_DCP, = 0.00523932
gpu_avg_TCP, = 0
gpu_avg_CCP, = 0.000237837
gpu_avg_SHRDP, = 0.192917
gpu_avg_RFP, = 0.0440999
gpu_avg_SPP, = 0.00689438
gpu_avg_SFUP, = 0.00182457
gpu_avg_FPUP, = 0
gpu_avg_SCHEDP, = 0.0016776
gpu_avg_L2CP, = 0.0748318
gpu_avg_MCP, = 1.1819
gpu_avg_NOCP, = 0.0416705
gpu_avg_DRAMP, = 0.0761704
gpu_avg_PIPEP, = 0.0404254
gpu_avg_IDLE_COREP, = 22.26
gpu_avg_CONST_DYNAMICP = 9.82366
gpu_avg_TOT_INST, = 24.1846
gpu_avg_FP_INT, = 21.8308
gpu_avg_IC_H, = 11.5692
gpu_avg_IC_M, = 0.523077
gpu_avg_DC_RH, = 0.0153846
gpu_avg_DC_RM, = 1.49231
gpu_avg_DC_WH, = 0.476923
gpu_avg_DC_WM, = 0.492308
gpu_avg_TC_H, = 0
gpu_avg_TC_M, = 0
gpu_avg_CC_H, = 0.0769231
gpu_avg_CC_M, = 0.0769231
gpu_avg_SHRD_ACC, = 65.0154
gpu_avg_REG_RD, = 975.262
gpu_avg_REG_WR, = 651.815
gpu_avg_NON_REG_OPs, = 386.954
gpu_avg_SP_ACC, = 1827.45
gpu_avg_SFU_ACC, = 26.9538
gpu_avg_FPU_ACC, = 0
gpu_avg_MEM_RD, = 2.12308
gpu_avg_MEM_WR, = 0
gpu_avg_MEM_PRE, = 0.0307692
gpu_avg_L2_RH, = 5.96923
gpu_avg_L2_RM, = 0.538462
gpu_avg_L2_WH, = 2.64615
gpu_avg_L2_WM, = 0
gpu_avg_NOC_A, = 15.3538
gpu_avg_PIPE_A, = 0.00158769
gpu_avg_IDLE_CORE_N, = 14
gpu_avg_CONST_DYNAMICN = 0

Kernel Maximum Power Data:
kernel_max_power = 34.6223
gpu_max_IBP, = 8.09559e-05
gpu_max_ICP, = 0.00669572
gpu_max_DCP, = 0.0192899
gpu_max_TCP, = 0
gpu_max_CCP, = 0
gpu_max_SHRDP, = 0.0178035
gpu_max_RFP, = 0.0265817
gpu_max_SPP, = 0
gpu_max_SFUP, = 0
gpu_max_FPUP, = 0
gpu_max_SCHEDP, = 0.00122953
gpu_max_L2CP, = 0.872768
gpu_max_MCP, = 1.19246
gpu_max_NOCP, = 0.227977
gpu_max_DRAMP, = 0.143166
gpu_max_PIPEP, = 0.0305541
gpu_max_IDLE_COREP, = 22.26
gpu_max_CONST_DYNAMICP = 9.82366
gpu_max_TOT_INST, = 16
gpu_max_FP_INT, = 16
gpu_max_IC_H, = 7
gpu_max_IC_M, = 2
gpu_max_DC_RH, = 0
gpu_max_DC_RM, = 0
gpu_max_DC_WH, = 7
gpu_max_DC_WM, = 7
gpu_max_TC_H, = 0
gpu_max_TC_M, = 0
gpu_max_CC_H, = 0
gpu_max_CC_M, = 0
gpu_max_SHRD_ACC, = 6
gpu_max_REG_RD, = 896
gpu_max_REG_WR, = 384
gpu_max_NON_REG_OPs, = 192
gpu_max_SP_ACC, = 0
gpu_max_SFU_ACC, = 0
gpu_max_FPU_ACC, = 0
gpu_max_MEM_RD, = 4
gpu_max_MEM_WR, = 0
gpu_max_MEM_PRE, = 0
gpu_max_L2_RH, = 0
gpu_max_L2_RM, = 1
gpu_max_L2_WH, = 45
gpu_max_L2_WM, = 0
gpu_max_NOC_A, = 84
gpu_max_PIPE_A, = 0.0012
gpu_max_IDLE_CORE_N, = 14
gpu_max_CONST_DYNAMICN = 0

Kernel Minimum Power Data:
kernel_min_power = 33.419
gpu_min_IBP, = 2.0239e-05
gpu_min_ICP, = 0.00321465
gpu_min_DCP, = 0.0102689
gpu_min_TCP, = 0
gpu_min_CCP, = 0
gpu_min_SHRDP, = 0.0059345
gpu_min_RFP, = 0.00691372
gpu_min_SPP, = 0
gpu_min_SFUP, = 0
gpu_min_FPUP, = 0
gpu_min_SCHEDP, = 0.000307382
gpu_min_L2CP, = 0.0629758
gpu_min_MCP, = 1.17853
gpu_min_NOCP, = 0.0569943
gpu_min_DRAMP, = 0
gpu_min_PIPEP, = 0.0101847
gpu_min_IDLE_COREP, = 22.26
gpu_min_CONST_DYNAMICP = 9.82366
gpu_min_TOT_INST, = 4
gpu_min_FP_INT, = 4
gpu_min_IC_H, = 2
gpu_min_IC_M, = 1
gpu_min_DC_RH, = 0
gpu_min_DC_RM, = 4
gpu_min_DC_WH, = 0
gpu_min_DC_WM, = 0
gpu_min_TC_H, = 0
gpu_min_TC_M, = 0
gpu_min_CC_H, = 0
gpu_min_CC_M, = 0
gpu_min_SHRD_ACC, = 2
gpu_min_REG_RD, = 288
gpu_min_REG_WR, = 192
gpu_min_NON_REG_OPs, = 32
gpu_min_SP_ACC, = 0
gpu_min_SFU_ACC, = 0
gpu_min_FPU_ACC, = 0
gpu_min_MEM_RD, = 0
gpu_min_MEM_WR, = 0
gpu_min_MEM_PRE, = 0
gpu_min_L2_RH, = 16
gpu_min_L2_RM, = 1
gpu_min_L2_WH, = 0
gpu_min_L2_WM, = 0
gpu_min_NOC_A, = 21
gpu_min_PIPE_A, = 0.0004
gpu_min_IDLE_CORE_N, = 14
gpu_min_CONST_DYNAMICN = 0

Accumulative Power Statistics Over Previous Kernels:
gpu_tot_avg_power = 33.7543
gpu_tot_max_power = 34.6223
gpu_tot_min_power = 33.419


kernel_name = _Z20needle_cuda_shared_1PiS_iiii 
kernel_launch_uid = 2 

Kernel Average Power Data:
kernel_avg_power = 32.6107
gpu_avg_IBP, = 0.000281177
gpu_avg_ICP, = 0.00605076
gpu_avg_DCP, = 0.01168
gpu_avg_TCP, = 0
gpu_avg_CCP, = 0.000552123
gpu_avg_SHRDP, = 0.447419
gpu_avg_RFP, = 0.10167
gpu_avg_SPP, = 0.0160048
gpu_avg_SFUP, = 0.00423562
gpu_avg_FPUP, = 0
gpu_avg_SCHEDP, = 0.003856
gpu_avg_L2CP, = 0.161859
gpu_avg_MCP, = 1.1795
gpu_avg_NOCP, = 0.0903378
gpu_avg_DRAMP, = 0
gpu_avg_PIPEP, = 0.0929353
gpu_avg_IDLE_COREP, = 20.6706
gpu_avg_CONST_DYNAMICP = 9.82366
gpu_avg_TOT_INST, = 55.5714
gpu_avg_FP_INT, = 50.1786
gpu_avg_IC_H, = 26.6071
gpu_avg_IC_M, = 1.21429
gpu_avg_DC_RH, = 0.0357143
gpu_avg_DC_RM, = 3.46429
gpu_avg_DC_WH, = 0.964286
gpu_avg_DC_WM, = 0.964286
gpu_avg_TC_H, = 0
gpu_avg_TC_M, = 0
gpu_avg_CC_H, = 0.178571
gpu_avg_CC_M, = 0.178571
gpu_avg_SHRD_ACC, = 150.786
gpu_avg_REG_RD, = 2236.57
gpu_avg_REG_WR, = 1502.86
gpu_avg_NON_REG_OPs, = 893.714
gpu_avg_SP_ACC, = 4242.29
gpu_avg_SFU_ACC, = 62.5714
gpu_avg_FPU_ACC, = 0
gpu_avg_MEM_RD, = 0
gpu_avg_MEM_WR, = 0
gpu_avg_MEM_PRE, = 0
gpu_avg_L2_RH, = 18.6429
gpu_avg_L2_RM, = 0
gpu_avg_L2_WH, = 4.57143
gpu_avg_L2_WM, = 0
gpu_avg_NOC_A, = 33.2857
gpu_avg_PIPE_A, = 0.00365
gpu_avg_IDLE_CORE_N, = 13.0004
gpu_avg_CONST_DYNAMICN = 0

Kernel Maximum Power Data:
kernel_max_power = 34.73
gpu_max_IBP, = 0.000252987
gpu_max_ICP, = 0.0140131
gpu_max_DCP, = 0.046847
gpu_max_TCP, = 0
gpu_max_CCP, = 0
gpu_max_SHRDP, = 0.0504432
gpu_max_RFP, = 0.0759723
gpu_max_SPP, = 0
gpu_max_SFUP, = 0
gpu_max_FPUP, = 0
gpu_max_SCHEDP, = 0.00384228
gpu_max_L2CP, = 2.15713
gpu_max_MCP, = 1.1967
gpu_max_NOCP, = 0.607939
gpu_max_DRAMP, = 0
gpu_max_PIPEP, = 0.083175
gpu_max_IDLE_COREP, = 20.67
gpu_max_CONST_DYNAMICP = 9.82366
gpu_max_TOT_INST, = 50
gpu_max_FP_INT, = 50
gpu_max_IC_H, = 21
gpu_max_IC_M, = 4
gpu_max_DC_RH, = 0
gpu_max_DC_RM, = 0
gpu_max_DC_WH, = 17
gpu_max_DC_WM, = 17
gpu_max_TC_H, = 0
gpu_max_TC_M, = 0
gpu_max_CC_H, = 0
gpu_max_CC_M, = 0
gpu_max_SHRD_ACC, = 17
gpu_max_REG_RD, = 2656
gpu_max_REG_WR, = 1024
gpu_max_NON_REG_OPs, = 544
gpu_max_SP_ACC, = 0
gpu_max_SFU_ACC, = 0
gpu_max_FPU_ACC, = 0
gpu_max_MEM_RD, = 0
gpu_max_MEM_WR, = 0
gpu_max_MEM_PRE, = 0
gpu_max_L2_RH, = 16
gpu_max_L2_RM, = 0
gpu_max_L2_WH, = 108
gpu_max_L2_WM, = 0
gpu_max_NOC_A, = 224
gpu_max_PIPE_A, = 0.00326667
gpu_max_IDLE_CORE_N, = 13
gpu_max_CONST_DYNAMICN = 0

Kernel Minimum Power Data:
kernel_min_power = 31.9177
gpu_min_IBP, = 6.0717e-05
gpu_min_ICP, = 0.000355233
gpu_min_DCP, = 0.0205378
gpu_min_TCP, = 0
gpu_min_CCP, = 0
gpu_min_SHRDP, = 0.00890175
gpu_min_RFP, = 0.0162019
gpu_min_SPP, = 0
gpu_min_SFUP, = 0
gpu_min_FPUP, = 0
gpu_min_SCHEDP, = 0.000922146
gpu_min_L2CP, = 0.0942494
gpu_min_MCP, = 1.18072
gpu_min_NOCP, = 0.0868484
gpu_min_DRAMP, = 0
gpu_min_PIPEP, = 0.015277
gpu_min_IDLE_COREP, = 20.67
gpu_min_CONST_DYNAMICP = 9.82366
gpu_min_TOT_INST, = 12
gpu_min_FP_INT, = 12
gpu_min_IC_H, = 4
gpu_min_IC_M, = 0
gpu_min_DC_RH, = 0
gpu_min_DC_RM, = 8
gpu_min_DC_WH, = 0
gpu_min_DC_WM, = 0
gpu_min_TC_H, = 0
gpu_min_TC_M, = 0
gpu_min_CC_H, = 0
gpu_min_CC_M, = 0
gpu_min_SHRD_ACC, = 3
gpu_min_REG_RD, = 448
gpu_min_REG_WR, = 256
gpu_min_NON_REG_OPs, = 128
gpu_min_SP_ACC, = 0
gpu_min_SFU_ACC, = 0
gpu_min_FPU_ACC, = 0
gpu_min_MEM_RD, = 0
gpu_min_MEM_WR, = 0
gpu_min_MEM_PRE, = 0
gpu_min_L2_RH, = 24
gpu_min_L2_RM, = 0
gpu_min_L2_WH, = 0
gpu_min_L2_WM, = 0
gpu_min_NOC_A, = 32
gpu_min_PIPE_A, = 0.0006
gpu_min_IDLE_CORE_N, = 13
gpu_min_CONST_DYNAMICN = 0

Accumulative Power Statistics Over Previous Kernels:
gpu_tot_avg_power = 33.225
gpu_tot_max_power = 34.73
gpu_tot_min_power = 31.9177


kernel_name = _Z20needle_cuda_shared_1PiS_iiii 
kernel_launch_uid = 3 

Kernel Average Power Data:
kernel_avg_power = 31.5462
gpu_avg_IBP, = 0.000417917
gpu_avg_ICP, = 0.00894183
gpu_avg_DCP, = 0.0176869
gpu_avg_TCP, = 0
gpu_avg_CCP, = 0.000813654
gpu_avg_SHRDP, = 0.659822
gpu_avg_RFP, = 0.15062
gpu_avg_SPP, = 0.023586
gpu_avg_SFUP, = 0.00624196
gpu_avg_FPUP, = 0
gpu_avg_SCHEDP, = 0.00573106
gpu_avg_L2CP, = 0.283247
gpu_avg_MCP, = 1.18121
gpu_avg_NOCP, = 0.141938
gpu_avg_DRAMP, = 0
gpu_avg_PIPEP, = 0.13791
gpu_avg_IDLE_COREP, = 19.1043
gpu_avg_CONST_DYNAMICP = 9.82366
gpu_avg_TOT_INST, = 82.5965
gpu_avg_FP_INT, = 74.5789
gpu_avg_IC_H, = 39.4912
gpu_avg_IC_M, = 1.78947
gpu_avg_DC_RH, = 0.0526316
gpu_avg_DC_RM, = 5.10526
gpu_avg_DC_WH, = 1.5614
gpu_avg_DC_WM, = 1.59649
gpu_avg_TC_H, = 0
gpu_avg_TC_M, = 0
gpu_avg_CC_H, = 0.263158
gpu_avg_CC_M, = 0.263158
gpu_avg_SHRD_ACC, = 222.368
gpu_avg_REG_RD, = 3328
gpu_avg_REG_WR, = 2225.4
gpu_avg_NON_REG_OPs, = 1322.11
gpu_avg_SP_ACC, = 6251.79
gpu_avg_SFU_ACC, = 92.2105
gpu_avg_FPU_ACC, = 0
gpu_avg_MEM_RD, = 0
gpu_avg_MEM_WR, = 0
gpu_avg_MEM_PRE, = 0
gpu_avg_L2_RH, = 27.7719
gpu_avg_L2_RM, = 0
gpu_avg_L2_WH, = 8.98246
gpu_avg_L2_WM, = 0
gpu_avg_NOC_A, = 52.2982
gpu_avg_PIPE_A, = 0.00541637
gpu_avg_IDLE_CORE_N, = 12.0153
gpu_avg_CONST_DYNAMICN = 0

Kernel Maximum Power Data:
kernel_max_power = 34.6398
gpu_max_IBP, = 0.000435138
gpu_max_ICP, = 0.0124858
gpu_max_DCP, = 0.0661369
gpu_max_TCP, = 0
gpu_max_CCP, = 0
gpu_max_SHRDP, = 0.0771485
gpu_max_RFP, = 0.120499
gpu_max_SPP, = 0
gpu_max_SFUP, = 0
gpu_max_FPUP, = 0
gpu_max_SCHEDP, = 0.00660871
gpu_max_L2CP, = 3.21631
gpu_max_MCP, = 1.20508
gpu_max_NOCP, = 0.895624
gpu_max_DRAMP, = 0
gpu_max_PIPEP, = 0.135796
gpu_max_IDLE_COREP, = 19.08
gpu_max_CONST_DYNAMICP = 9.82366
gpu_max_TOT_INST, = 86
gpu_max_FP_INT, = 86
gpu_max_IC_H, = 38
gpu_max_IC_M, = 3
gpu_max_DC_RH, = 0
gpu_max_DC_RM, = 0
gpu_max_DC_WH, = 24
gpu_max_DC_WM, = 24
gpu_max_TC_H, = 0
gpu_max_TC_M, = 0
gpu_max_CC_H, = 0
gpu_max_CC_M, = 0
gpu_max_SHRD_ACC, = 26
gpu_max_REG_RD, = 4352
gpu_max_REG_WR, = 1728
gpu_max_NON_REG_OPs, = 832
gpu_max_SP_ACC, = 0
gpu_max_SFU_ACC, = 0
gpu_max_FPU_ACC, = 0
gpu_max_MEM_RD, = 0
gpu_max_MEM_WR, = 0
gpu_max_MEM_PRE, = 0
gpu_max_L2_RH, = 24
gpu_max_L2_RM, = 0
gpu_max_L2_WH, = 161
gpu_max_L2_WM, = 0
gpu_max_NOC_A, = 330
gpu_max_PIPE_A, = 0.00533333
gpu_max_IDLE_CORE_N, = 12
gpu_max_CONST_DYNAMICN = 0

Kernel Minimum Power Data:
kernel_min_power = 30.4806
gpu_min_IBP, = 8.09559e-05
gpu_min_ICP, = 0.00955513
gpu_min_DCP, = 0.0308067
gpu_min_TCP, = 0
gpu_min_CCP, = 0
gpu_min_SHRDP, = 0.0148362
gpu_min_RFP, = 0.0261988
gpu_min_SPP, = 0
gpu_min_SFUP, = 0
gpu_min_FPUP, = 0
gpu_min_SCHEDP, = 0.00122953
gpu_min_L2CP, = 0.141374
gpu_min_MCP, = 1.18291
gpu_min_NOCP, = 0.141129
gpu_min_DRAMP, = 0
gpu_min_PIPEP, = 0.0288566
gpu_min_IDLE_COREP, = 19.08
gpu_min_CONST_DYNAMICP = 9.82366
gpu_min_TOT_INST, = 16
gpu_min_FP_INT, = 16
gpu_min_IC_H, = 5
gpu_min_IC_M, = 3
gpu_min_DC_RH, = 0
gpu_min_DC_RM, = 12
gpu_min_DC_WH, = 0
gpu_min_DC_WM, = 0
gpu_min_TC_H, = 0
gpu_min_TC_M, = 0
gpu_min_CC_H, = 0
gpu_min_CC_M, = 0
gpu_min_SHRD_ACC, = 5
gpu_min_REG_RD, = 832
gpu_min_REG_WR, = 416
gpu_min_NON_REG_OPs, = 192
gpu_min_SP_ACC, = 0
gpu_min_SFU_ACC, = 0
gpu_min_FPU_ACC, = 0
gpu_min_MEM_RD, = 0
gpu_min_MEM_WR, = 0
gpu_min_MEM_PRE, = 0
gpu_min_L2_RH, = 36
gpu_min_L2_RM, = 0
gpu_min_L2_WH, = 0
gpu_min_L2_WM, = 0
gpu_min_NOC_A, = 52
gpu_min_PIPE_A, = 0.00113333
gpu_min_IDLE_CORE_N, = 12
gpu_min_CONST_DYNAMICN = 0

Accumulative Power Statistics Over Previous Kernels:
gpu_tot_avg_power = 32.6874
gpu_tot_max_power = 34.73
gpu_tot_min_power = 30.4806


kernel_name = _Z20needle_cuda_shared_1PiS_iiii 
kernel_launch_uid = 4 

Kernel Average Power Data:
kernel_avg_power = 30.437
gpu_avg_IBP, = 0.000558703
gpu_avg_ICP, = 0.0119359
gpu_avg_DCP, = 0.023802
gpu_avg_TCP, = 0
gpu_avg_CCP, = 0.00108487
gpu_avg_SHRDP, = 0.880075
gpu_avg_RFP, = 0.201312
gpu_avg_SPP, = 0.031448
gpu_avg_SFUP, = 0.00832262
gpu_avg_FPUP, = 0
gpu_avg_SCHEDP, = 0.00766298
gpu_avg_L2CP, = 0.377523
gpu_avg_MCP, = 1.18293
gpu_avg_NOCP, = 0.189981
gpu_avg_DRAMP, = 0
gpu_avg_PIPEP, = 0.184486
gpu_avg_IDLE_COREP, = 17.5122
gpu_avg_CONST_DYNAMICP = 9.82366
gpu_avg_TOT_INST, = 110.421
gpu_avg_FP_INT, = 99.7193
gpu_avg_IC_H, = 52.807
gpu_avg_IC_M, = 2.38596
gpu_avg_DC_RH, = 0.0701754
gpu_avg_DC_RM, = 6.80702
gpu_avg_DC_WH, = 2.14035
gpu_avg_DC_WM, = 2.21053
gpu_avg_TC_H, = 0
gpu_avg_TC_M, = 0
gpu_avg_CC_H, = 0.350877
gpu_avg_CC_M, = 0.350877
gpu_avg_SHRD_ACC, = 296.596
gpu_avg_REG_RD, = 4454.18
gpu_avg_REG_WR, = 2974.88
gpu_avg_NON_REG_OPs, = 1766.18
gpu_avg_SP_ACC, = 8335.72
gpu_avg_SFU_ACC, = 122.947
gpu_avg_FPU_ACC, = 0
gpu_avg_MEM_RD, = 0
gpu_avg_MEM_WR, = 0
gpu_avg_MEM_PRE, = 0
gpu_avg_L2_RH, = 36.9649
gpu_avg_L2_RM, = 0
gpu_avg_L2_WH, = 11.9825
gpu_avg_L2_WM, = 0
gpu_avg_NOC_A, = 70
gpu_avg_PIPE_A, = 0.00724561
gpu_avg_IDLE_CORE_N, = 11.014
gpu_avg_CONST_DYNAMICN = 0

Kernel Maximum Power Data:
kernel_max_power = 34.7525
gpu_max_IBP, = 0.000475616
gpu_max_ICP, = 0.0216857
gpu_max_DCP, = 0.0796516
gpu_max_TCP, = 0
gpu_max_CCP, = 0
gpu_max_SHRDP, = 0.0919847
gpu_max_RFP, = 0.138865
gpu_max_SPP, = 0
gpu_max_SFUP, = 0
gpu_max_FPUP, = 0
gpu_max_SCHEDP, = 0.00722348
gpu_max_L2CP, = 4.60514
gpu_max_MCP, = 1.21102
gpu_max_NOCP, = 1.13174
gpu_max_DRAMP, = 0
gpu_max_PIPEP, = 0.151073
gpu_max_IDLE_COREP, = 17.49
gpu_max_CONST_DYNAMICP = 9.82366
gpu_max_TOT_INST, = 94
gpu_max_FP_INT, = 94
gpu_max_IC_H, = 39
gpu_max_IC_M, = 6
gpu_max_DC_RH, = 0
gpu_max_DC_RM, = 0
gpu_max_DC_WH, = 28
gpu_max_DC_WM, = 29
gpu_max_TC_H, = 0
gpu_max_TC_M, = 0
gpu_max_CC_H, = 0
gpu_max_CC_M, = 0
gpu_max_SHRD_ACC, = 31
gpu_max_REG_RD, = 4832
gpu_max_REG_WR, = 1920
gpu_max_NON_REG_OPs, = 992
gpu_max_SP_ACC, = 0
gpu_max_SFU_ACC, = 0
gpu_max_FPU_ACC, = 0
gpu_max_MEM_RD, = 0
gpu_max_MEM_WR, = 0
gpu_max_MEM_PRE, = 0
gpu_max_L2_RH, = 32
gpu_max_L2_RM, = 0
gpu_max_L2_WH, = 231
gpu_max_L2_WM, = 0
gpu_max_NOC_A, = 417
gpu_max_PIPE_A, = 0.00593333
gpu_max_IDLE_CORE_N, = 11
gpu_max_CONST_DYNAMICN = 0

Kernel Minimum Power Data:
kernel_min_power = 29.1233
gpu_min_IBP, = 0.000121434
gpu_min_ICP, = 0.0128586
gpu_min_DCP, = 0.0410756
gpu_min_TCP, = 0
gpu_min_CCP, = 0
gpu_min_SHRDP, = 0.023738
gpu_min_RFP, = 0.0384559
gpu_min_SPP, = 0
gpu_min_SFUP, = 0
gpu_min_FPUP, = 0
gpu_min_SCHEDP, = 0.00184429
gpu_min_L2CP, = 0.215988
gpu_min_MCP, = 1.1851
gpu_min_NOCP, = 0.249689
gpu_min_DRAMP, = 0
gpu_min_PIPEP, = 0.0407388
gpu_min_IDLE_COREP, = 17.49
gpu_min_CONST_DYNAMICP = 9.82366
gpu_min_TOT_INST, = 24
gpu_min_FP_INT, = 24
gpu_min_IC_H, = 8
gpu_min_IC_M, = 4
gpu_min_DC_RH, = 0
gpu_min_DC_RM, = 16
gpu_min_DC_WH, = 0
gpu_min_DC_WM, = 0
gpu_min_TC_H, = 0
gpu_min_TC_M, = 0
gpu_min_CC_H, = 0
gpu_min_CC_M, = 0
gpu_min_SHRD_ACC, = 8
gpu_min_REG_RD, = 1280
gpu_min_REG_WR, = 768
gpu_min_NON_REG_OPs, = 256
gpu_min_SP_ACC, = 0
gpu_min_SFU_ACC, = 0
gpu_min_FPU_ACC, = 0
gpu_min_MEM_RD, = 0
gpu_min_MEM_WR, = 0
gpu_min_MEM_PRE, = 0
gpu_min_L2_RH, = 55
gpu_min_L2_RM, = 0
gpu_min_L2_WH, = 0
gpu_min_L2_WM, = 0
gpu_min_NOC_A, = 92
gpu_min_PIPE_A, = 0.0016
gpu_min_IDLE_CORE_N, = 11
gpu_min_CONST_DYNAMICN = 0

Accumulative Power Statistics Over Previous Kernels:
gpu_tot_avg_power = 32.1416
gpu_tot_max_power = 34.7525
gpu_tot_min_power = 29.1233


kernel_name = _Z20needle_cuda_shared_2PiS_iiii 
kernel_launch_uid = 5 

Kernel Average Power Data:
kernel_avg_power = 31.447
gpu_avg_IBP, = 0.000371496
gpu_avg_ICP, = 0.00796104
gpu_avg_DCP, = 0.0166832
gpu_avg_TCP, = 0
gpu_avg_CCP, = 0.000798442
gpu_avg_SHRDP, = 0.588211
gpu_avg_RFP, = 0.133202
gpu_avg_SPP, = 0.0191049
gpu_avg_SFUP, = 0.00434078
gpu_avg_FPUP, = 0
gpu_avg_SCHEDP, = 0.00508501
gpu_avg_L2CP, = 0.261811
gpu_avg_MCP, = 1.18507
gpu_avg_NOCP, = 0.133623
gpu_avg_DRAMP, = 0.0738199
gpu_avg_PIPEP, = 0.122959
gpu_avg_IDLE_COREP, = 19.0703
gpu_avg_CONST_DYNAMICP = 9.82366
gpu_avg_TOT_INST, = 73.4219
gpu_avg_FP_INT, = 66.1719
gpu_avg_IC_H, = 35.1406
gpu_avg_IC_M, = 1.59375
gpu_avg_DC_RH, = 0.046875
gpu_avg_DC_RM, = 4.54688
gpu_avg_DC_WH, = 1.67188
gpu_avg_DC_WM, = 1.76562
gpu_avg_TC_H, = 0
gpu_avg_TC_M, = 0
gpu_avg_CC_H, = 0.375
gpu_avg_CC_M, = 0.09375
gpu_avg_SHRD_ACC, = 198.234
gpu_avg_REG_RD, = 2969.5
gpu_avg_REG_WR, = 1969
gpu_avg_NON_REG_OPs, = 1165.5
gpu_avg_SP_ACC, = 5064
gpu_avg_SFU_ACC, = 64.125
gpu_avg_FPU_ACC, = 0
gpu_avg_MEM_RD, = 2.0625
gpu_avg_MEM_WR, = 0
gpu_avg_MEM_PRE, = 0
gpu_avg_L2_RH, = 22.5938
gpu_avg_L2_RM, = 0.515625
gpu_avg_L2_WH, = 8.92188
gpu_avg_L2_WM, = 0
gpu_avg_NOC_A, = 49.2344
gpu_avg_PIPE_A, = 0.00482916
gpu_avg_IDLE_CORE_N, = 11.9939
gpu_avg_CONST_DYNAMICN = 0

Kernel Maximum Power Data:
kernel_max_power = 33.6361
gpu_max_IBP, = 0.000242868
gpu_max_ICP, = 0.0109761
gpu_max_DCP, = 0.0496027
gpu_max_TCP, = 0
gpu_max_CCP, = 0
gpu_max_SHRDP, = 0.0445087
gpu_max_RFP, = 0.0700355
gpu_max_SPP, = 0
gpu_max_SFUP, = 0
gpu_max_FPUP, = 0
gpu_max_SCHEDP, = 0.00368858
gpu_max_L2CP, = 2.35856
gpu_max_MCP, = 1.21145
gpu_max_NOCP, = 0.651363
gpu_max_DRAMP, = 0.25054
gpu_max_PIPEP, = 0.0814775
gpu_max_IDLE_COREP, = 19.08
gpu_max_CONST_DYNAMICP = 9.82366
gpu_max_TOT_INST, = 48
gpu_max_FP_INT, = 48
gpu_max_IC_H, = 21
gpu_max_IC_M, = 3
gpu_max_DC_RH, = 0
gpu_max_DC_RM, = 0
gpu_max_DC_WH, = 18
gpu_max_DC_WM, = 18
gpu_max_TC_H, = 0
gpu_max_TC_M, = 0
gpu_max_CC_H, = 0
gpu_max_CC_M, = 0
gpu_max_SHRD_ACC, = 15
gpu_max_REG_RD, = 2592
gpu_max_REG_WR, = 960
gpu_max_NON_REG_OPs, = 480
gpu_max_SP_ACC, = 0
gpu_max_SFU_ACC, = 0
gpu_max_FPU_ACC, = 0
gpu_max_MEM_RD, = 7
gpu_max_MEM_WR, = 0
gpu_max_MEM_PRE, = 0
gpu_max_L2_RH, = 8
gpu_max_L2_RM, = 1
gpu_max_L2_WH, = 120
gpu_max_L2_WM, = 0
gpu_max_NOC_A, = 240
gpu_max_PIPE_A, = 0.0032
gpu_max_IDLE_CORE_N, = 12
gpu_max_CONST_DYNAMICN = 0

Kernel Minimum Power Data:
kernel_min_power = 30.4502
gpu_min_IBP, = 9.10754e-05
gpu_min_ICP, = 0.000799274
gpu_min_DCP, = 0.023105
gpu_min_TCP, = 0
gpu_min_CCP, = 0
gpu_min_SHRDP, = 0.0178035
gpu_min_RFP, = 0.0280374
gpu_min_SPP, = 0
gpu_min_SFUP, = 0
gpu_min_FPUP, = 0
gpu_min_SCHEDP, = 0.00138322
gpu_min_L2CP, = 0.141374
gpu_min_MCP, = 1.18127
gpu_min_NOCP, = 0.122131
gpu_min_DRAMP, = 0
gpu_min_PIPEP, = 0.0305541
gpu_min_IDLE_COREP, = 19.08
gpu_min_CONST_DYNAMICP = 9.82366
gpu_min_TOT_INST, = 18
gpu_min_FP_INT, = 18
gpu_min_IC_H, = 9
gpu_min_IC_M, = 0
gpu_min_DC_RH, = 0
gpu_min_DC_RM, = 9
gpu_min_DC_WH, = 0
gpu_min_DC_WM, = 0
gpu_min_TC_H, = 0
gpu_min_TC_M, = 0
gpu_min_CC_H, = 0
gpu_min_CC_M, = 0
gpu_min_SHRD_ACC, = 6
gpu_min_REG_RD, = 960
gpu_min_REG_WR, = 480
gpu_min_NON_REG_OPs, = 192
gpu_min_SP_ACC, = 0
gpu_min_SFU_ACC, = 0
gpu_min_FPU_ACC, = 0
gpu_min_MEM_RD, = 0
gpu_min_MEM_WR, = 0
gpu_min_MEM_PRE, = 0
gpu_min_L2_RH, = 36
gpu_min_L2_RM, = 0
gpu_min_L2_WH, = 0
gpu_min_L2_WM, = 0
gpu_min_NOC_A, = 45
gpu_min_PIPE_A, = 0.0012
gpu_min_IDLE_CORE_N, = 12
gpu_min_CONST_DYNAMICN = 0

Accumulative Power Statistics Over Previous Kernels:
gpu_tot_avg_power = 31.9929
gpu_tot_max_power = 34.7525
gpu_tot_min_power = 29.1233


kernel_name = _Z20needle_cuda_shared_2PiS_iiii 
kernel_launch_uid = 6 

Kernel Average Power Data:
kernel_avg_power = 32.6436
gpu_avg_IBP, = 0.000280997
gpu_avg_ICP, = 0.00604758
gpu_avg_DCP, = 0.0121627
gpu_avg_TCP, = 0
gpu_avg_CCP, = 0.000608336
gpu_avg_SHRDP, = 0.447843
gpu_avg_RFP, = 0.100954
gpu_avg_SPP, = 0.0145561
gpu_avg_SFUP, = 0.00330726
gpu_avg_FPUP, = 0
gpu_avg_SCHEDP, = 0.00385051
gpu_avg_L2CP, = 0.195317
gpu_avg_MCP, = 1.17971
gpu_avg_NOCP, = 0.0973167
gpu_avg_DRAMP, = 0
gpu_avg_PIPEP, = 0.0928747
gpu_avg_IDLE_COREP, = 20.6651
gpu_avg_CONST_DYNAMICP = 9.82366
gpu_avg_TOT_INST, = 55.5357
gpu_avg_FP_INT, = 50.1071
gpu_avg_IC_H, = 26.5714
gpu_avg_IC_M, = 1.21429
gpu_avg_DC_RH, = 0.0357143
gpu_avg_DC_RM, = 3.46429
gpu_avg_DC_WH, = 1.10714
gpu_avg_DC_WM, = 1.14286
gpu_avg_TC_H, = 0
gpu_avg_TC_M, = 0
gpu_avg_CC_H, = 0.285714
gpu_avg_CC_M, = 0.0714286
gpu_avg_SHRD_ACC, = 150.929
gpu_avg_REG_RD, = 2242.29
gpu_avg_REG_WR, = 1491.43
gpu_avg_NON_REG_OPs, = 884.571
gpu_avg_SP_ACC, = 3858.29
gpu_avg_SFU_ACC, = 48.8571
gpu_avg_FPU_ACC, = 0
gpu_avg_MEM_RD, = 0
gpu_avg_MEM_WR, = 0
gpu_avg_MEM_PRE, = 0
gpu_avg_L2_RH, = 18.7857
gpu_avg_L2_RM, = 0
gpu_avg_L2_WH, = 6.26786
gpu_avg_L2_WM, = 0
gpu_avg_NOC_A, = 35.8571
gpu_avg_PIPE_A, = 0.00364762
gpu_avg_IDLE_CORE_N, = 12.9969
gpu_avg_CONST_DYNAMICN = 0

Kernel Maximum Power Data:
kernel_max_power = 34.8343
gpu_max_IBP, = 0.000273226
gpu_max_ICP, = 0.00811665
gpu_max_DCP, = 0.0413356
gpu_max_TCP, = 0
gpu_max_CCP, = 0
gpu_max_SHRDP, = 0.047476
gpu_max_RFP, = 0.0735976
gpu_max_SPP, = 0
gpu_max_SFUP, = 0
gpu_max_FPUP, = 0
gpu_max_SCHEDP, = 0.00414966
gpu_max_L2CP, = 2.29287
gpu_max_MCP, = 1.1943
gpu_max_NOCP, = 0.597083
gpu_max_DRAMP, = 0
gpu_max_PIPEP, = 0.0814775
gpu_max_IDLE_COREP, = 20.67
gpu_max_CONST_DYNAMICP = 9.82366
gpu_max_TOT_INST, = 54
gpu_max_FP_INT, = 54
gpu_max_IC_H, = 23
gpu_max_IC_M, = 2
gpu_max_DC_RH, = 0
gpu_max_DC_RM, = 0
gpu_max_DC_WH, = 15
gpu_max_DC_WM, = 15
gpu_max_TC_H, = 0
gpu_max_TC_M, = 0
gpu_max_CC_H, = 0
gpu_max_CC_M, = 0
gpu_max_SHRD_ACC, = 16
gpu_max_REG_RD, = 2656
gpu_max_REG_WR, = 1024
gpu_max_NON_REG_OPs, = 512
gpu_max_SP_ACC, = 0
gpu_max_SFU_ACC, = 0
gpu_max_FPU_ACC, = 0
gpu_max_MEM_RD, = 0
gpu_max_MEM_WR, = 0
gpu_max_MEM_PRE, = 0
gpu_max_L2_RH, = 16
gpu_max_L2_RM, = 0
gpu_max_L2_WH, = 115
gpu_max_L2_WM, = 0
gpu_max_NOC_A, = 220
gpu_max_PIPE_A, = 0.0032
gpu_max_IDLE_CORE_N, = 13
gpu_max_CONST_DYNAMICN = 0

Kernel Minimum Power Data:
kernel_min_power = 31.9901
gpu_min_IBP, = 6.0717e-05
gpu_min_ICP, = 0.00642929
gpu_min_DCP, = 0.0205378
gpu_min_TCP, = 0
gpu_min_CCP, = 0
gpu_min_SHRDP, = 0.011869
gpu_min_RFP, = 0.0192279
gpu_min_SPP, = 0
gpu_min_SFUP, = 0
gpu_min_FPUP, = 0
gpu_min_SCHEDP, = 0.000922146
gpu_min_L2CP, = 0.106031
gpu_min_MCP, = 1.18072
gpu_min_NOCP, = 0.130273
gpu_min_DRAMP, = 0
gpu_min_PIPEP, = 0.0203694
gpu_min_IDLE_COREP, = 20.67
gpu_min_CONST_DYNAMICP = 9.82366
gpu_min_TOT_INST, = 12
gpu_min_FP_INT, = 12
gpu_min_IC_H, = 4
gpu_min_IC_M, = 2
gpu_min_DC_RH, = 0
gpu_min_DC_RM, = 8
gpu_min_DC_WH, = 0
gpu_min_DC_WM, = 0
gpu_min_TC_H, = 0
gpu_min_TC_M, = 0
gpu_min_CC_H, = 0
gpu_min_CC_M, = 0
gpu_min_SHRD_ACC, = 4
gpu_min_REG_RD, = 640
gpu_min_REG_WR, = 384
gpu_min_NON_REG_OPs, = 128
gpu_min_SP_ACC, = 0
gpu_min_SFU_ACC, = 0
gpu_min_FPU_ACC, = 0
gpu_min_MEM_RD, = 0
gpu_min_MEM_WR, = 0
gpu_min_MEM_PRE, = 0
gpu_min_L2_RH, = 27
gpu_min_L2_RM, = 0
gpu_min_L2_WH, = 0
gpu_min_L2_WM, = 0
gpu_min_NOC_A, = 48
gpu_min_PIPE_A, = 0.0008
gpu_min_IDLE_CORE_N, = 13
gpu_min_CONST_DYNAMICN = 0

Accumulative Power Statistics Over Previous Kernels:
gpu_tot_avg_power = 32.0955
gpu_tot_max_power = 34.8343
gpu_tot_min_power = 29.1233


kernel_name = _Z20needle_cuda_shared_2PiS_iiii 
kernel_launch_uid = 7 

Kernel Average Power Data:
kernel_avg_power = 33.7513
gpu_avg_IBP, = 0.000140498
gpu_avg_ICP, = 0.00297115
gpu_avg_DCP, = 0.00608136
gpu_avg_TCP, = 0
gpu_avg_CCP, = 0.000322906
gpu_avg_SHRDP, = 0.223921
gpu_avg_RFP, = 0.0504675
gpu_avg_SPP, = 0.00727805
gpu_avg_SFUP, = 0.00165363
gpu_avg_FPUP, = 0
gpu_avg_SCHEDP, = 0.00192525
gpu_avg_L2CP, = 0.103087
gpu_avg_MCP, = 1.17813
gpu_avg_NOCP, = 0.0493369
gpu_avg_DRAMP, = 0.0019174
gpu_avg_PIPEP, = 0.0464373
gpu_avg_IDLE_COREP, = 22.254
gpu_avg_CONST_DYNAMICP = 9.82366
gpu_avg_TOT_INST, = 27.7679
gpu_avg_FP_INT, = 25.0536
gpu_avg_IC_H, = 13.3036
gpu_avg_IC_M, = 0.589286
gpu_avg_DC_RH, = 0.0178571
gpu_avg_DC_RM, = 1.73214
gpu_avg_DC_WH, = 0.553571
gpu_avg_DC_WM, = 0.571429
gpu_avg_TC_H, = 0
gpu_avg_TC_M, = 0
gpu_avg_CC_H, = 0.178571
gpu_avg_CC_M, = 0
gpu_avg_SHRD_ACC, = 75.4643
gpu_avg_REG_RD, = 1121.14
gpu_avg_REG_WR, = 744.571
gpu_avg_NON_REG_OPs, = 442.286
gpu_avg_SP_ACC, = 1929.14
gpu_avg_SFU_ACC, = 24.4286
gpu_avg_FPU_ACC, = 0
gpu_avg_MEM_RD, = 0.0535714
gpu_avg_MEM_WR, = 0
gpu_avg_MEM_PRE, = 0
gpu_avg_L2_RH, = 9.23214
gpu_avg_L2_RM, = 0
gpu_avg_L2_WH, = 3.44643
gpu_avg_L2_WM, = 0
gpu_avg_NOC_A, = 18.1786
gpu_avg_PIPE_A, = 0.00182381
gpu_avg_IDLE_CORE_N, = 13.9962
gpu_avg_CONST_DYNAMICN = 0

Kernel Maximum Power Data:
kernel_max_power = 34.7924
gpu_max_IBP, = 0.000121434
gpu_max_ICP, = 0.00696214
gpu_max_DCP, = 0.0220456
gpu_max_TCP, = 0
gpu_max_CCP, = 0
gpu_max_SHRDP, = 0.023738
gpu_max_RFP, = 0.0363105
gpu_max_SPP, = 0
gpu_max_SFUP, = 0
gpu_max_FPUP, = 0
gpu_max_SCHEDP, = 0.00184429
gpu_max_L2CP, = 1.09796
gpu_max_MCP, = 1.18592
gpu_max_NOCP, = 0.293113
gpu_max_DRAMP, = 0
gpu_max_PIPEP, = 0.0407388
gpu_max_IDLE_COREP, = 22.26
gpu_max_CONST_DYNAMICP = 9.82366
gpu_max_TOT_INST, = 24
gpu_max_FP_INT, = 24
gpu_max_IC_H, = 10
gpu_max_IC_M, = 2
gpu_max_DC_RH, = 0
gpu_max_DC_RM, = 0
gpu_max_DC_WH, = 8
gpu_max_DC_WM, = 8
gpu_max_TC_H, = 0
gpu_max_TC_M, = 0
gpu_max_CC_H, = 0
gpu_max_CC_M, = 0
gpu_max_SHRD_ACC, = 8
gpu_max_REG_RD, = 1280
gpu_max_REG_WR, = 512
gpu_max_NON_REG_OPs, = 256
gpu_max_SP_ACC, = 0
gpu_max_SFU_ACC, = 0
gpu_max_FPU_ACC, = 0
gpu_max_MEM_RD, = 0
gpu_max_MEM_WR, = 0
gpu_max_MEM_PRE, = 0
gpu_max_L2_RH, = 8
gpu_max_L2_RM, = 0
gpu_max_L2_WH, = 55
gpu_max_L2_WM, = 0
gpu_max_NOC_A, = 108
gpu_max_PIPE_A, = 0.0016
gpu_max_IDLE_CORE_N, = 14
gpu_max_CONST_DYNAMICN = 0

Kernel Minimum Power Data:
kernel_min_power = 33.4161
gpu_min_IBP, = 3.03585e-05
gpu_min_ICP, = 0.000266425
gpu_min_DCP, = 0.0102689
gpu_min_TCP, = 0
gpu_min_CCP, = 0
gpu_min_SHRDP, = 0.0059345
gpu_min_RFP, = 0.00961397
gpu_min_SPP, = 0
gpu_min_SFUP, = 0
gpu_min_FPUP, = 0
gpu_min_SCHEDP, = 0.000461073
gpu_min_L2CP, = 0.0628329
gpu_min_MCP, = 1.17853
gpu_min_NOCP, = 0.0542802
gpu_min_DRAMP, = 0
gpu_min_PIPEP, = 0.0101847
gpu_min_IDLE_COREP, = 22.26
gpu_min_CONST_DYNAMICP = 9.82366
gpu_min_TOT_INST, = 6
gpu_min_FP_INT, = 6
gpu_min_IC_H, = 3
gpu_min_IC_M, = 0
gpu_min_DC_RH, = 0
gpu_min_DC_RM, = 4
gpu_min_DC_WH, = 0
gpu_min_DC_WM, = 0
gpu_min_TC_H, = 0
gpu_min_TC_M, = 0
gpu_min_CC_H, = 0
gpu_min_CC_M, = 0
gpu_min_SHRD_ACC, = 2
gpu_min_REG_RD, = 320
gpu_min_REG_WR, = 192
gpu_min_NON_REG_OPs, = 64
gpu_min_SP_ACC, = 0
gpu_min_SFU_ACC, = 0
gpu_min_FPU_ACC, = 0
gpu_min_MEM_RD, = 0
gpu_min_MEM_WR, = 0
gpu_min_MEM_PRE, = 0
gpu_min_L2_RH, = 16
gpu_min_L2_RM, = 0
gpu_min_L2_WH, = 0
gpu_min_L2_WM, = 0
gpu_min_NOC_A, = 20
gpu_min_PIPE_A, = 0.0004
gpu_min_IDLE_CORE_N, = 14
gpu_min_CONST_DYNAMICN = 0

Accumulative Power Statistics Over Previous Kernels:
gpu_tot_avg_power = 32.3212
gpu_tot_max_power = 34.8343
gpu_tot_min_power = 29.1233


