kernel_name = _Z20needle_cuda_shared_1PiS_iiii 
kernel_launch_uid = 1 

Kernel Average Power Data:
kernel_avg_power = 33.734
gpu_avg_IBP, = 0.000123015
gpu_avg_ICP, = 0.00264721
gpu_avg_DCP, = 0.00556708
gpu_avg_TCP, = 0
gpu_avg_CCP, = 0.000241554
gpu_avg_SHRDP, = 0.195746
gpu_avg_RFP, = 0.044355
gpu_avg_SPP, = 0.0070021
gpu_avg_SFUP, = 0.00185308
gpu_avg_FPUP, = 0
gpu_avg_SCHEDP, = 0.001687
gpu_avg_L2CP, = 0.0581519
gpu_avg_MCP, = 1.18182
gpu_avg_NOCP, = 0.0335011
gpu_avg_DRAMP, = 0.0768939
gpu_avg_PIPEP, = 0.0406592
gpu_avg_IDLE_COREP, = 22.26
gpu_avg_CONST_DYNAMICP = 9.82366
gpu_avg_TOT_INST, = 24.3125
gpu_avg_FP_INT, = 21.9531
gpu_avg_IC_H, = 11.6406
gpu_avg_IC_M, = 0.53125
gpu_avg_DC_RH, = 0.484375
gpu_avg_DC_RM, = 1.04688
gpu_avg_DC_WH, = 0.4375
gpu_avg_DC_WM, = 0.40625
gpu_avg_TC_H, = 0
gpu_avg_TC_M, = 0
gpu_avg_CC_H, = 0.078125
gpu_avg_CC_M, = 0.078125
gpu_avg_SHRD_ACC, = 65.9688
gpu_avg_REG_RD, = 978.5
gpu_avg_REG_WR, = 642.5
gpu_avg_NON_REG_OPs, = 391
gpu_avg_SP_ACC, = 1856
gpu_avg_SFU_ACC, = 27.375
gpu_avg_FPU_ACC, = 0
gpu_avg_MEM_RD, = 2.14062
gpu_avg_MEM_WR, = 0
gpu_avg_MEM_PRE, = 0.046875
gpu_avg_L2_RH, = 4.14062
gpu_avg_L2_RM, = 0.546875
gpu_avg_L2_WH, = 2.15625
gpu_avg_L2_WM, = 0
gpu_avg_NOC_A, = 12.3438
gpu_avg_PIPE_A, = 0.00159688
gpu_avg_IDLE_CORE_N, = 14
gpu_avg_CONST_DYNAMICN = 0

Kernel Maximum Power Data:
kernel_max_power = 34.5582
gpu_max_IBP, = 9.10754e-05
gpu_max_ICP, = 0.00678453
gpu_max_DCP, = 0.0220456
gpu_max_TCP, = 0
gpu_max_CCP, = 0
gpu_max_SHRDP, = 0.0178035
gpu_max_RFP, = 0.0284203
gpu_max_SPP, = 0
gpu_max_SFUP, = 0
gpu_max_FPUP, = 0
gpu_max_SCHEDP, = 0.00138322
gpu_max_L2CP, = 0.775809
gpu_max_MCP, = 1.19366
gpu_max_NOCP, = 0.249689
gpu_max_DRAMP, = 0.143166
gpu_max_PIPEP, = 0.0356464
gpu_max_IDLE_COREP, = 22.26
gpu_max_CONST_DYNAMICP = 9.82366
gpu_max_TOT_INST, = 18
gpu_max_FP_INT, = 18
gpu_max_IC_H, = 8
gpu_max_IC_M, = 2
gpu_max_DC_RH, = 0
gpu_max_DC_RM, = 0
gpu_max_DC_WH, = 8
gpu_max_DC_WM, = 8
gpu_max_TC_H, = 0
gpu_max_TC_M, = 0
gpu_max_CC_H, = 0
gpu_max_CC_M, = 0
gpu_max_SHRD_ACC, = 6
gpu_max_REG_RD, = 1024
gpu_max_REG_WR, = 448
gpu_max_NON_REG_OPs, = 192
gpu_max_SP_ACC, = 0
gpu_max_SFU_ACC, = 0
gpu_max_FPU_ACC, = 0
gpu_max_MEM_RD, = 4
gpu_max_MEM_WR, = 0
gpu_max_MEM_PRE, = 0
gpu_max_L2_RH, = 0
gpu_max_L2_RM, = 1
gpu_max_L2_WH, = 40
gpu_max_L2_WM, = 0
gpu_max_NOC_A, = 92
gpu_max_PIPE_A, = 0.0014
gpu_max_IDLE_CORE_N, = 14
gpu_max_CONST_DYNAMICN = 0

Kernel Minimum Power Data:
kernel_min_power = 33.352
gpu_min_IBP, = 2.0239e-05
gpu_min_ICP, = 0.00321465
gpu_min_DCP, = 0.00618377
gpu_min_TCP, = 0
gpu_min_CCP, = 0
gpu_min_SHRDP, = 0.0059345
gpu_min_RFP, = 0.00637737
gpu_min_SPP, = 0
gpu_min_SFUP, = 0
gpu_min_FPUP, = 0
gpu_min_SCHEDP, = 0.000307382
gpu_min_L2CP, = 0.0315593
gpu_min_MCP, = 1.17738
gpu_min_NOCP, = 0.0271401
gpu_min_DRAMP, = 0
gpu_min_PIPEP, = 0.0101847
gpu_min_IDLE_COREP, = 22.26
gpu_min_CONST_DYNAMICP = 9.82366
gpu_min_TOT_INST, = 4
gpu_min_FP_INT, = 4
gpu_min_IC_H, = 2
gpu_min_IC_M, = 1
gpu_min_DC_RH, = 1
gpu_min_DC_RM, = 1
gpu_min_DC_WH, = 0
gpu_min_DC_WM, = 0
gpu_min_TC_H, = 0
gpu_min_TC_M, = 0
gpu_min_CC_H, = 0
gpu_min_CC_M, = 0
gpu_min_SHRD_ACC, = 2
gpu_min_REG_RD, = 288
gpu_min_REG_WR, = 128
gpu_min_NON_REG_OPs, = 32
gpu_min_SP_ACC, = 0
gpu_min_SFU_ACC, = 0
gpu_min_FPU_ACC, = 0
gpu_min_MEM_RD, = 0
gpu_min_MEM_WR, = 0
gpu_min_MEM_PRE, = 0
gpu_min_L2_RH, = 8
gpu_min_L2_RM, = 1
gpu_min_L2_WH, = 0
gpu_min_L2_WM, = 0
gpu_min_NOC_A, = 10
gpu_min_PIPE_A, = 0.0004
gpu_min_IDLE_CORE_N, = 14
gpu_min_CONST_DYNAMICN = 0

Accumulative Power Statistics Over Previous Kernels:
gpu_tot_avg_power = 33.734
gpu_tot_max_power = 34.5582
gpu_tot_min_power = 33.352


